#
# There is insufficient memory for the Java Runtime Environment to continue.
# Native memory allocation (malloc) failed to allocate 32744 bytes for ChunkPool::allocate
# Possible reasons:
#   The system is out of physical RAM or swap space
#   The process is running with CompressedOops enabled, and the Java Heap may be blocking the growth of the native heap
# Possible solutions:
#   Reduce memory load on the system
#   Increase physical memory or swap space
#   Check if swap backing store is full
#   Decrease Java heap size (-Xmx/-Xms)
#   Decrease number of Java threads
#   Decrease Java thread stack sizes (-Xss)
#   Set larger code cache with -XX:ReservedCodeCacheSize=
#   JVM is running with Unscaled Compressed Oops mode in which the Java heap is
#     placed in the first 4GB address space. The Java Heap base address is the
#     maximum limit for the native heap growth. Please use -XX:HeapBaseMinAddress
#     to set the Java Heap base and to place the Java Heap above 4GB virtual address.
# This output file may be truncated or incomplete.
#
#  Out of Memory Error (arena.cpp:78), pid=16968, tid=18188
#
# JRE version: OpenJDK Runtime Environment (17.0.6) (build 17.0.6+0-b2043.56-10027231)
# Java VM: OpenJDK 64-Bit Server VM (17.0.6+0-b2043.56-10027231, mixed mode, tiered, compressed oops, compressed class ptrs, g1 gc, windows-amd64)
# No core dump will be written. Minidumps are not enabled by default on client versions of Windows
#

---------------  S U M M A R Y ------------

Command Line: org.jetbrains.kotlin.cli.jvm.K2JVMCompiler @C:\Users\JonKo\AndroidStudioProjects\booksapp\app\build\20231118_3252146214591944025.compiler.options

Host: AMD Athlon Silver 3050U with Radeon Graphics   , 2 cores, 3G,  Windows 10 , 64 bit Build 19041 (10.0.19041.3570)
Time: Sat Nov 18 18:31:56 2023  Windows 10 , 64 bit Build 19041 (10.0.19041.3570) elapsed time: 7.208815 seconds (0d 0h 0m 7s)

---------------  T H R E A D  ---------------

Current thread (0x0000029802009090):  JavaThread "C1 CompilerThread0" daemon [_thread_in_native, id=18188, stack(0x000000cf74800000,0x000000cf74900000)]


Current CompileTask:
C1:   7208 3206       3       org.jetbrains.kotlin.name.FqName::topLevel (21 bytes)

Stack: [0x000000cf74800000,0x000000cf74900000]
Native frames: (J=compiled Java code, j=interpreted, Vv=VM code, C=native code)
V  [jvm.dll+0x683c9a]
V  [jvm.dll+0x8427a4]
V  [jvm.dll+0x843f9e]
V  [jvm.dll+0x844603]
V  [jvm.dll+0x249b75]
V  [jvm.dll+0xabecc]
V  [jvm.dll+0xac27c]
V  [jvm.dll+0x14ce3a]
V  [jvm.dll+0x14bdac]
V  [jvm.dll+0x135564]
V  [jvm.dll+0x1357f0]
V  [jvm.dll+0x135ab6]
V  [jvm.dll+0x134f4a]
V  [jvm.dll+0x136c11]
V  [jvm.dll+0x22b098]
V  [jvm.dll+0x229159]
V  [jvm.dll+0x7f81ec]
V  [jvm.dll+0x7f274a]
V  [jvm.dll+0x682ad5]
C  [ucrtbase.dll+0x21bb2]
C  [KERNEL32.DLL+0x17344]
C  [ntdll.dll+0x526b1]


---------------  P R O C E S S  ---------------

Threads class SMR info:
_java_thread_list=0x0000029802145190, length=12, elements={
0x000002986adc9000, 0x000002987f369620, 0x000002987f36bcb0, 0x000002987f382f40,
0x000002987f383800, 0x000002987f354d80, 0x000002987f355640, 0x0000029802008790,
0x0000029802009090, 0x0000029802048050, 0x0000029802130410, 0x0000029802148020
}

Java Threads: ( => current thread )
  0x000002986adc9000 JavaThread "main" [_thread_in_Java, id=16560, stack(0x000000cf73a00000,0x000000cf73b00000)]
  0x000002987f369620 JavaThread "Reference Handler" daemon [_thread_blocked, id=17588, stack(0x000000cf74100000,0x000000cf74200000)]
  0x000002987f36bcb0 JavaThread "Finalizer" daemon [_thread_blocked, id=17884, stack(0x000000cf74200000,0x000000cf74300000)]
  0x000002987f382f40 JavaThread "Signal Dispatcher" daemon [_thread_blocked, id=17064, stack(0x000000cf74300000,0x000000cf74400000)]
  0x000002987f383800 JavaThread "Attach Listener" daemon [_thread_blocked, id=14916, stack(0x000000cf74400000,0x000000cf74500000)]
  0x000002987f354d80 JavaThread "Service Thread" daemon [_thread_blocked, id=17624, stack(0x000000cf74500000,0x000000cf74600000)]
  0x000002987f355640 JavaThread "Monitor Deflation Thread" daemon [_thread_blocked, id=18368, stack(0x000000cf74600000,0x000000cf74700000)]
  0x0000029802008790 JavaThread "C2 CompilerThread0" daemon [_thread_blocked, id=18260, stack(0x000000cf74700000,0x000000cf74800000)]
=>0x0000029802009090 JavaThread "C1 CompilerThread0" daemon [_thread_in_native, id=18188, stack(0x000000cf74800000,0x000000cf74900000)]
  0x0000029802048050 JavaThread "Sweeper thread" daemon [_thread_blocked, id=17988, stack(0x000000cf74900000,0x000000cf74a00000)]
  0x0000029802130410 JavaThread "Notification Thread" daemon [_thread_blocked, id=17584, stack(0x000000cf74a00000,0x000000cf74b00000)]
  0x0000029802148020 JavaThread "Common-Cleaner" daemon [_thread_blocked, id=17916, stack(0x000000cf74c00000,0x000000cf74d00000)]

Other Threads:
  0x000002987f3456f0 VMThread "VM Thread" [stack: 0x000000cf74000000,0x000000cf74100000] [id=7172]
  0x0000029802130cf0 WatcherThread [stack: 0x000000cf74b00000,0x000000cf74c00000] [id=15140]
  0x000002986adff770 GCTaskThread "GC Thread#0" [stack: 0x000000cf73b00000,0x000000cf73c00000] [id=12836]
  0x00000298023e0990 GCTaskThread "GC Thread#1" [stack: 0x000000cf74d00000,0x000000cf74e00000] [id=6752]
  0x000002986ae07c10 ConcurrentGCThread "G1 Main Marker" [stack: 0x000000cf73c00000,0x000000cf73d00000] [id=7996]
  0x000002986ae09630 ConcurrentGCThread "G1 Conc#0" [stack: 0x000000cf73d00000,0x000000cf73e00000] [id=18192]
  0x000002986ae3be50 ConcurrentGCThread "G1 Refine#0" [stack: 0x000000cf73e00000,0x000000cf73f00000] [id=12452]
  0x0000029803cf9e90 ConcurrentGCThread "G1 Refine#1" [stack: 0x000000cf74e00000,0x000000cf74f00000] [id=17780]
  0x000002986ae3c870 ConcurrentGCThread "G1 Service" [stack: 0x000000cf73f00000,0x000000cf74000000] [id=10684]

Threads with active compile tasks:
C1 CompilerThread0     7279 3206       3       org.jetbrains.kotlin.name.FqName::topLevel (21 bytes)

VM state: not at safepoint (normal execution)

VM Mutex/Monitor currently owned by a thread: None

Heap address: 0x00000000c9200000, size: 878 MB, Compressed Oops mode: 32-bit

CDS archive(s) not mapped
Compressed class space mapped at: 0x0000000100000000-0x0000000140000000, reserved size: 1073741824
Narrow klass base: 0x0000000000000000, Narrow klass shift: 3, Narrow klass range: 0x140000000

GC Precious Log:
 CPUs: 2 total, 2 available
 Memory: 3504M
 Large Page Support: Disabled
 NUMA Support: Disabled
 Compressed Oops: Enabled (32-bit)
 Heap Region Size: 1M
 Heap Min Capacity: 8M
 Heap Initial Capacity: 56M
 Heap Max Capacity: 878M
 Pre-touch: Disabled
 Parallel Workers: 2
 Concurrent Workers: 1
 Concurrent Refinement Workers: 2
 Periodic GC: Disabled

Heap:
 garbage-first heap   total 46080K, used 28634K [0x00000000c9200000, 0x0000000100000000)
  region size 1024K, 6 young (6144K), 2 survivors (2048K)
 Metaspace       used 46205K, committed 46464K, reserved 1089536K
  class space    used 5623K, committed 5760K, reserved 1048576K

Heap Regions: E=young(eden), S=young(survivor), O=old, HS=humongous(starts), HC=humongous(continues), CS=collection set, F=free, OA=open archive, CA=closed archive, TAMS=top-at-mark-start (previous, next)
|   0|0x00000000c9200000, 0x00000000c9300000, 0x00000000c9300000|100%|HS|  |TAMS 0x00000000c9300000, 0x00000000c9200000| Complete 
|   1|0x00000000c9300000, 0x00000000c9400000, 0x00000000c9400000|100%|HC|  |TAMS 0x00000000c9400000, 0x00000000c9300000| Complete 
|   2|0x00000000c9400000, 0x00000000c9500000, 0x00000000c9500000|100%|HC|  |TAMS 0x00000000c9500000, 0x00000000c9400000| Complete 
|   3|0x00000000c9500000, 0x00000000c9600000, 0x00000000c9600000|100%|HC|  |TAMS 0x00000000c9600000, 0x00000000c9500000| Complete 
|   4|0x00000000c9600000, 0x00000000c96bf400, 0x00000000c9700000| 74%| O|  |TAMS 0x00000000c96bf400, 0x00000000c9600000| Untracked 
|   5|0x00000000c9700000, 0x00000000c9800000, 0x00000000c9800000|100%| O|  |TAMS 0x00000000c9800000, 0x00000000c9700000| Untracked 
|   6|0x00000000c9800000, 0x00000000c9900000, 0x00000000c9900000|100%| O|  |TAMS 0x00000000c9900000, 0x00000000c9800000| Untracked 
|   7|0x00000000c9900000, 0x00000000c9a00000, 0x00000000c9a00000|100%| O|  |TAMS 0x00000000c9a00000, 0x00000000c9900000| Untracked 
|   8|0x00000000c9a00000, 0x00000000c9b00000, 0x00000000c9b00000|100%| O|  |TAMS 0x00000000c9b00000, 0x00000000c9a00000| Untracked 
|   9|0x00000000c9b00000, 0x00000000c9c00000, 0x00000000c9c00000|100%| O|  |TAMS 0x00000000c9c00000, 0x00000000c9b00000| Untracked 
|  10|0x00000000c9c00000, 0x00000000c9d00000, 0x00000000c9d00000|100%| O|  |TAMS 0x00000000c9d00000, 0x00000000c9c00000| Untracked 
|  11|0x00000000c9d00000, 0x00000000c9e00000, 0x00000000c9e00000|100%| O|  |TAMS 0x00000000c9e00000, 0x00000000c9d00000| Untracked 
|  12|0x00000000c9e00000, 0x00000000c9f00000, 0x00000000c9f00000|100%| O|  |TAMS 0x00000000c9f00000, 0x00000000c9e00000| Untracked 
|  13|0x00000000c9f00000, 0x00000000ca000000, 0x00000000ca000000|100%| O|  |TAMS 0x00000000ca000000, 0x00000000c9f00000| Untracked 
|  14|0x00000000ca000000, 0x00000000ca100000, 0x00000000ca100000|100%| O|  |TAMS 0x00000000ca100000, 0x00000000ca000000| Untracked 
|  15|0x00000000ca100000, 0x00000000ca200000, 0x00000000ca200000|100%| O|  |TAMS 0x00000000ca200000, 0x00000000ca100000| Untracked 
|  16|0x00000000ca200000, 0x00000000ca300000, 0x00000000ca300000|100%| O|  |TAMS 0x00000000ca300000, 0x00000000ca200000| Untracked 
|  17|0x00000000ca300000, 0x00000000ca400000, 0x00000000ca400000|100%| O|  |TAMS 0x00000000ca400000, 0x00000000ca300000| Untracked 
|  18|0x00000000ca400000, 0x00000000ca500000, 0x00000000ca500000|100%| O|  |TAMS 0x00000000ca500000, 0x00000000ca400000| Untracked 
|  19|0x00000000ca500000, 0x00000000ca500000, 0x00000000ca600000|  0%| F|  |TAMS 0x00000000ca500000, 0x00000000ca500000| Untracked 
|  20|0x00000000ca600000, 0x00000000ca700000, 0x00000000ca700000|100%| O|  |TAMS 0x00000000ca700000, 0x00000000ca600000| Untracked 
|  21|0x00000000ca700000, 0x00000000ca800000, 0x00000000ca800000|100%| O|  |TAMS 0x00000000ca800000, 0x00000000ca700000| Untracked 
|  22|0x00000000ca800000, 0x00000000ca85b600, 0x00000000ca900000| 35%| O|  |TAMS 0x00000000ca85b600, 0x00000000ca800000| Untracked 
|  23|0x00000000ca900000, 0x00000000caa00000, 0x00000000caa00000|100%|HS|  |TAMS 0x00000000ca900000, 0x00000000ca900000| Complete 
|  24|0x00000000caa00000, 0x00000000cab00000, 0x00000000cab00000|100%|HC|  |TAMS 0x00000000caa00000, 0x00000000caa00000| Complete 
|  25|0x00000000cab00000, 0x00000000cab00000, 0x00000000cac00000|  0%| F|  |TAMS 0x00000000cab00000, 0x00000000cab00000| Untracked 
|  26|0x00000000cac00000, 0x00000000cac00000, 0x00000000cad00000|  0%| F|  |TAMS 0x00000000cac00000, 0x00000000cac00000| Untracked 
|  27|0x00000000cad00000, 0x00000000cad00000, 0x00000000cae00000|  0%| F|  |TAMS 0x00000000cad00000, 0x00000000cad00000| Untracked 
|  28|0x00000000cae00000, 0x00000000cae00000, 0x00000000caf00000|  0%| F|  |TAMS 0x00000000cae00000, 0x00000000cae00000| Untracked 
|  29|0x00000000caf00000, 0x00000000caf00000, 0x00000000cb000000|  0%| F|  |TAMS 0x00000000caf00000, 0x00000000caf00000| Untracked 
|  30|0x00000000cb000000, 0x00000000cb0dbf10, 0x00000000cb100000| 85%| S|CS|TAMS 0x00000000cb000000, 0x00000000cb000000| Complete 
|  31|0x00000000cb100000, 0x00000000cb100000, 0x00000000cb200000|  0%| F|  |TAMS 0x00000000cb100000, 0x00000000cb100000| Untracked 
|  32|0x00000000cb200000, 0x00000000cb300000, 0x00000000cb300000|100%| S|CS|TAMS 0x00000000cb200000, 0x00000000cb200000| Complete 
|  33|0x00000000cb300000, 0x00000000cb300000, 0x00000000cb400000|  0%| F|  |TAMS 0x00000000cb300000, 0x00000000cb300000| Untracked 
|  34|0x00000000cb400000, 0x00000000cb400000, 0x00000000cb500000|  0%| F|  |TAMS 0x00000000cb400000, 0x00000000cb400000| Untracked 
|  35|0x00000000cb500000, 0x00000000cb500000, 0x00000000cb600000|  0%| F|  |TAMS 0x00000000cb500000, 0x00000000cb500000| Untracked 
|  36|0x00000000cb600000, 0x00000000cb600000, 0x00000000cb700000|  0%| F|  |TAMS 0x00000000cb600000, 0x00000000cb600000| Untracked 
|  37|0x00000000cb700000, 0x00000000cb700000, 0x00000000cb800000|  0%| F|  |TAMS 0x00000000cb700000, 0x00000000cb700000| Untracked 
|  38|0x00000000cb800000, 0x00000000cb800000, 0x00000000cb900000|  0%| F|  |TAMS 0x00000000cb800000, 0x00000000cb800000| Untracked 
|  39|0x00000000cb900000, 0x00000000cb900000, 0x00000000cba00000|  0%| F|  |TAMS 0x00000000cb900000, 0x00000000cb900000| Untracked 
|  40|0x00000000cba00000, 0x00000000cba00000, 0x00000000cbb00000|  0%| F|  |TAMS 0x00000000cba00000, 0x00000000cba00000| Untracked 
|  41|0x00000000cbb00000, 0x00000000cbbf24e8, 0x00000000cbc00000| 94%| E|  |TAMS 0x00000000cbb00000, 0x00000000cbb00000| Complete 
|  42|0x00000000cbc00000, 0x00000000cbd00000, 0x00000000cbd00000|100%| E|CS|TAMS 0x00000000cbc00000, 0x00000000cbc00000| Complete 
|  43|0x00000000cbd00000, 0x00000000cbe00000, 0x00000000cbe00000|100%| E|CS|TAMS 0x00000000cbd00000, 0x00000000cbd00000| Complete 
|  55|0x00000000cc900000, 0x00000000cca00000, 0x00000000cca00000|100%| E|CS|TAMS 0x00000000cc900000, 0x00000000cc900000| Complete 

Card table byte_map: [0x000002986ab30000,0x000002986acf0000] _byte_map_base: 0x000002986a4e7000

Marking Bits (Prev, Next): (CMBitMap*) 0x000002986adffd80, (CMBitMap*) 0x000002986adffdc0
 Prev Bits: [0x000002987d430000, 0x000002987e1e8000)
 Next Bits: [0x000002987e1f0000, 0x000002987efa8000)

Polling page: 0x0000029868ba0000

Metaspace:

Usage:
  Non-class:     39.63 MB used.
      Class:      5.49 MB used.
       Both:     45.12 MB used.

Virtual space:
  Non-class space:       40.00 MB reserved,      39.75 MB (>99%) committed,  5 nodes.
      Class space:        1.00 GB reserved,       5.62 MB ( <1%) committed,  1 nodes.
             Both:        1.04 GB reserved,      45.38 MB (  4%) committed. 

Chunk freelists:
   Non-Class:  288.00 KB
       Class:  2.36 MB
        Both:  2.64 MB

MaxMetaspaceSize: unlimited
CompressedClassSpaceSize: 1.00 GB
Initial GC threshold: 21.00 MB
Current GC threshold: 74.19 MB
CDS: off
MetaspaceReclaimPolicy: balanced
 - commit_granule_bytes: 65536.
 - commit_granule_words: 8192.
 - virtual_space_node_default_size: 1048576.
 - enlarge_chunks_in_place: 1.
 - new_chunks_are_fully_committed: 0.
 - uncommit_free_chunks: 1.
 - use_allocation_guard: 0.
 - handle_deallocations: 1.


Internal statistics:

num_allocs_failed_limit: 3.
num_arena_births: 172.
num_arena_deaths: 0.
num_vsnodes_births: 6.
num_vsnodes_deaths: 0.
num_space_committed: 724.
num_space_uncommitted: 0.
num_chunks_returned_to_freelist: 3.
num_chunks_taken_from_freelist: 1474.
num_chunk_merges: 0.
num_chunk_splits: 1237.
num_chunks_enlarged: 1127.
num_purges: 0.
num_inconsistent_stats: 0.

CodeHeap 'non-profiled nmethods': size=120064Kb used=1463Kb max_used=1463Kb free=118600Kb
 bounds [0x0000029875d30000, 0x0000029875fa0000, 0x000002987d270000]
CodeHeap 'profiled nmethods': size=120000Kb used=6660Kb max_used=6660Kb free=113339Kb
 bounds [0x000002986e270000, 0x000002986e900000, 0x00000298757a0000]
CodeHeap 'non-nmethods': size=5696Kb used=1259Kb max_used=1312Kb free=4436Kb
 bounds [0x00000298757a0000, 0x0000029875a10000, 0x0000029875d30000]
 total_blobs=3780 nmethods=3209 adapters=483
 compilation: enabled
              stopped_count=0, restarted_count=0
 full_count=0

Compilation events (20 events):
Event: 7.005 Thread 0x0000029802009090 nmethod 3196 0x000002986e8e9810 code [0x000002986e8e9ce0, 0x000002986e8ec8d8]
Event: 7.064 Thread 0x0000029802009090 3197       3       org.jetbrains.org.objectweb.asm.ClassReader::readUnsignedShort (26 bytes)
Event: 7.064 Thread 0x0000029802009090 nmethod 3197 0x000002986e8ed910 code [0x000002986e8edaa0, 0x000002986e8edc18]
Event: 7.086 Thread 0x0000029802009090 3198       3       java.lang.Package$VersionInfo::getInstance (53 bytes)
Event: 7.086 Thread 0x0000029802009090 nmethod 3198 0x000002986e8edd10 code [0x000002986e8edec0, 0x000002986e8ee288]
Event: 7.122 Thread 0x0000029802009090 3199       2       java.util.HashSet::add (20 bytes)
Event: 7.123 Thread 0x0000029802009090 nmethod 3199 0x000002986e8ee390 code [0x000002986e8ee520, 0x000002986e8ee668]
Event: 7.123 Thread 0x0000029802009090 3200       3       java.text.StringCharacterIterator::current (37 bytes)
Event: 7.123 Thread 0x0000029802009090 nmethod 3200 0x000002986e8ee710 code [0x000002986e8ee920, 0x000002986e8eef98]
Event: 7.124 Thread 0x0000029802009090 3201       3       java.text.StringCharacterIterator::next (46 bytes)
Event: 7.124 Thread 0x0000029802009090 nmethod 3201 0x000002986e8ef210 code [0x000002986e8ef420, 0x000002986e8efa38]
Event: 7.196 Thread 0x0000029802009090 3202       3       org.jetbrains.kotlin.name.FqNameUnsafe::<init> (28 bytes)
Event: 7.197 Thread 0x0000029802009090 nmethod 3202 0x000002986e8efc90 code [0x000002986e8efe40, 0x000002986e8f0148]
Event: 7.197 Thread 0x0000029802009090 3203       1       kotlin.Pair::getSecond (5 bytes)
Event: 7.197 Thread 0x0000029802009090 nmethod 3203 0x0000029875e89c10 code [0x0000029875e89da0, 0x0000029875e89e78]
Event: 7.201 Thread 0x0000029802009090 3204       3       org.jetbrains.kotlin.name.FqNameUnsafe::parent (56 bytes)
Event: 7.201 Thread 0x0000029802009090 nmethod 3204 0x000002986e8f0210 code [0x000002986e8f0400, 0x000002986e8f08d8]
Event: 7.201 Thread 0x0000029802009090 3205       3       org.jetbrains.kotlin.name.FqNameUnsafe::shortName (56 bytes)
Event: 7.202 Thread 0x0000029802009090 nmethod 3205 0x000002986e8f0a90 code [0x000002986e8f0c80, 0x000002986e8f1158]
Event: 7.204 Thread 0x0000029802009090 3206       3       org.jetbrains.kotlin.name.FqName::topLevel (21 bytes)

GC Heap History (20 events):
Event: 4.296 GC heap before
{Heap before GC invocations=7 (full 0):
 garbage-first heap   total 34816K, used 27384K [0x00000000c9200000, 0x0000000100000000)
  region size 1024K, 15 young (15360K), 2 survivors (2048K)
 Metaspace       used 29633K, committed 29888K, reserved 1081344K
  class space    used 3622K, committed 3712K, reserved 1048576K
}
Event: 4.307 GC heap after
{Heap after GC invocations=8 (full 0):
 garbage-first heap   total 34816K, used 19161K [0x00000000c9200000, 0x0000000100000000)
  region size 1024K, 2 young (2048K), 2 survivors (2048K)
 Metaspace       used 29633K, committed 29888K, reserved 1081344K
  class space    used 3622K, committed 3712K, reserved 1048576K
}
Event: 4.531 GC heap before
{Heap before GC invocations=8 (full 0):
 garbage-first heap   total 34816K, used 24281K [0x00000000c9200000, 0x0000000100000000)
  region size 1024K, 8 young (8192K), 2 survivors (2048K)
 Metaspace       used 31419K, committed 31680K, reserved 1081344K
  class space    used 4041K, committed 4160K, reserved 1048576K
}
Event: 4.535 GC heap after
{Heap after GC invocations=9 (full 0):
 garbage-first heap   total 34816K, used 19782K [0x00000000c9200000, 0x0000000100000000)
  region size 1024K, 1 young (1024K), 1 survivors (1024K)
 Metaspace       used 31419K, committed 31680K, reserved 1081344K
  class space    used 4041K, committed 4160K, reserved 1048576K
}
Event: 4.646 GC heap before
{Heap before GC invocations=10 (full 0):
 garbage-first heap   total 35840K, used 24902K [0x00000000c9200000, 0x0000000100000000)
  region size 1024K, 6 young (6144K), 1 survivors (1024K)
 Metaspace       used 32956K, committed 33216K, reserved 1081344K
  class space    used 4223K, committed 4352K, reserved 1048576K
}
Event: 4.648 GC heap after
{Heap after GC invocations=11 (full 0):
 garbage-first heap   total 35840K, used 20394K [0x00000000c9200000, 0x0000000100000000)
  region size 1024K, 1 young (1024K), 1 survivors (1024K)
 Metaspace       used 32956K, committed 33216K, reserved 1081344K
  class space    used 4223K, committed 4352K, reserved 1048576K
}
Event: 4.829 GC heap before
{Heap before GC invocations=11 (full 0):
 garbage-first heap   total 35840K, used 26538K [0x00000000c9200000, 0x0000000100000000)
  region size 1024K, 7 young (7168K), 1 survivors (1024K)
 Metaspace       used 34343K, committed 34560K, reserved 1081344K
  class space    used 4364K, committed 4480K, reserved 1048576K
}
Event: 4.831 GC heap after
{Heap after GC invocations=12 (full 0):
 garbage-first heap   total 35840K, used 21245K [0x00000000c9200000, 0x0000000100000000)
  region size 1024K, 1 young (1024K), 1 survivors (1024K)
 Metaspace       used 34343K, committed 34560K, reserved 1081344K
  class space    used 4364K, committed 4480K, reserved 1048576K
}
Event: 4.971 GC heap before
{Heap before GC invocations=13 (full 0):
 garbage-first heap   total 37888K, used 26365K [0x00000000c9200000, 0x0000000100000000)
  region size 1024K, 7 young (7168K), 1 survivors (1024K)
 Metaspace       used 34631K, committed 34880K, reserved 1081344K
  class space    used 4391K, committed 4480K, reserved 1048576K
}
Event: 4.973 GC heap after
{Heap after GC invocations=14 (full 0):
 garbage-first heap   total 37888K, used 20017K [0x00000000c9200000, 0x0000000100000000)
  region size 1024K, 1 young (1024K), 1 survivors (1024K)
 Metaspace       used 34631K, committed 34880K, reserved 1081344K
  class space    used 4391K, committed 4480K, reserved 1048576K
}
Event: 5.232 GC heap before
{Heap before GC invocations=14 (full 0):
 garbage-first heap   total 37888K, used 27185K [0x00000000c9200000, 0x0000000100000000)
  region size 1024K, 9 young (9216K), 1 survivors (1024K)
 Metaspace       used 36231K, committed 36416K, reserved 1081344K
  class space    used 4572K, committed 4672K, reserved 1048576K
}
Event: 5.235 GC heap after
{Heap after GC invocations=15 (full 0):
 garbage-first heap   total 46080K, used 20940K [0x00000000c9200000, 0x0000000100000000)
  region size 1024K, 2 young (2048K), 2 survivors (2048K)
 Metaspace       used 36231K, committed 36416K, reserved 1081344K
  class space    used 4572K, committed 4672K, reserved 1048576K
}
Event: 5.748 GC heap before
{Heap before GC invocations=16 (full 0):
 garbage-first heap   total 46080K, used 33228K [0x00000000c9200000, 0x0000000100000000)
  region size 1024K, 15 young (15360K), 2 survivors (2048K)
 Metaspace       used 39018K, committed 39232K, reserved 1089536K
  class space    used 4828K, committed 4928K, reserved 1048576K
}
Event: 5.753 GC heap after
{Heap after GC invocations=17 (full 0):
 garbage-first heap   total 46080K, used 22116K [0x00000000c9200000, 0x0000000100000000)
  region size 1024K, 2 young (2048K), 2 survivors (2048K)
 Metaspace       used 39018K, committed 39232K, reserved 1089536K
  class space    used 4828K, committed 4928K, reserved 1048576K
}
Event: 5.975 GC heap before
{Heap before GC invocations=17 (full 0):
 garbage-first heap   total 46080K, used 22116K [0x00000000c9200000, 0x0000000100000000)
  region size 1024K, 3 young (3072K), 2 survivors (2048K)
 Metaspace       used 39235K, committed 39424K, reserved 1089536K
  class space    used 4841K, committed 4928K, reserved 1048576K
}
Event: 5.980 GC heap after
{Heap after GC invocations=18 (full 0):
 garbage-first heap   total 46080K, used 21984K [0x00000000c9200000, 0x0000000100000000)
  region size 1024K, 1 young (1024K), 1 survivors (1024K)
 Metaspace       used 39235K, committed 39424K, reserved 1089536K
  class space    used 4841K, committed 4928K, reserved 1048576K
}
Event: 6.444 GC heap before
{Heap before GC invocations=18 (full 0):
 garbage-first heap   total 46080K, used 33248K [0x00000000c9200000, 0x0000000100000000)
  region size 1024K, 13 young (13312K), 1 survivors (1024K)
 Metaspace       used 41677K, committed 41920K, reserved 1089536K
  class space    used 5075K, committed 5184K, reserved 1048576K
}
Event: 6.446 GC heap after
{Heap after GC invocations=19 (full 0):
 garbage-first heap   total 46080K, used 22634K [0x00000000c9200000, 0x0000000100000000)
  region size 1024K, 1 young (1024K), 1 survivors (1024K)
 Metaspace       used 41677K, committed 41920K, reserved 1089536K
  class space    used 5075K, committed 5184K, reserved 1048576K
}
Event: 6.949 GC heap before
{Heap before GC invocations=20 (full 0):
 garbage-first heap   total 46080K, used 32874K [0x00000000c9200000, 0x0000000100000000)
  region size 1024K, 13 young (13312K), 1 survivors (1024K)
 Metaspace       used 45341K, committed 45568K, reserved 1089536K
  class space    used 5527K, committed 5632K, reserved 1048576K
}
Event: 6.954 GC heap after
{Heap after GC invocations=21 (full 0):
 garbage-first heap   total 46080K, used 23514K [0x00000000c9200000, 0x0000000100000000)
  region size 1024K, 2 young (2048K), 2 survivors (2048K)
 Metaspace       used 45341K, committed 45568K, reserved 1089536K
  class space    used 5527K, committed 5632K, reserved 1048576K
}

Dll operation events (2 events):
Event: 0.024 Loaded shared library C:\Program Files\Android\Android Studio\jbr\bin\java.dll
Event: 3.111 Loaded shared library C:\Program Files\Android\Android Studio\jbr\bin\verify.dll

Deoptimization events (20 events):
Event: 6.726 Thread 0x000002986adc9000 Uncommon trap: trap_request=0xffffffde fr.pc=0x0000029875e39668 relative=0x0000000000001f48
Event: 6.726 Thread 0x000002986adc9000 Uncommon trap: reason=class_check action=maybe_recompile pc=0x0000029875e39668 method=java.util.HashMap.putVal(ILjava/lang/Object;Ljava/lang/Object;ZZ)Ljava/lang/Object; @ 203 c2
Event: 6.726 Thread 0x000002986adc9000 DEOPT PACKING pc=0x0000029875e39668 sp=0x000000cf73afccd0
Event: 6.726 Thread 0x000002986adc9000 DEOPT UNPACKING pc=0x00000298757f69a3 sp=0x000000cf73afcb98 mode 2
Event: 6.797 Thread 0x000002986adc9000 Uncommon trap: trap_request=0xffffffde fr.pc=0x0000029875e78754 relative=0x0000000000000134
Event: 6.797 Thread 0x000002986adc9000 Uncommon trap: reason=class_check action=maybe_recompile pc=0x0000029875e78754 method=java.lang.Character.codePointAt(Ljava/lang/CharSequence;I)I @ 2 c2
Event: 6.797 Thread 0x000002986adc9000 DEOPT PACKING pc=0x0000029875e78754 sp=0x000000cf73afcef0
Event: 6.797 Thread 0x000002986adc9000 DEOPT UNPACKING pc=0x00000298757f69a3 sp=0x000000cf73afcea8 mode 2
Event: 6.797 Thread 0x000002986adc9000 Uncommon trap: trap_request=0xffffffde fr.pc=0x0000029875e78754 relative=0x0000000000000134
Event: 6.797 Thread 0x000002986adc9000 Uncommon trap: reason=class_check action=maybe_recompile pc=0x0000029875e78754 method=java.lang.Character.codePointAt(Ljava/lang/CharSequence;I)I @ 2 c2
Event: 6.797 Thread 0x000002986adc9000 DEOPT PACKING pc=0x0000029875e78754 sp=0x000000cf73afcef0
Event: 6.797 Thread 0x000002986adc9000 DEOPT UNPACKING pc=0x00000298757f69a3 sp=0x000000cf73afcea8 mode 2
Event: 6.797 Thread 0x000002986adc9000 Uncommon trap: trap_request=0xffffffde fr.pc=0x0000029875e78754 relative=0x0000000000000134
Event: 6.797 Thread 0x000002986adc9000 Uncommon trap: reason=class_check action=maybe_recompile pc=0x0000029875e78754 method=java.lang.Character.codePointAt(Ljava/lang/CharSequence;I)I @ 2 c2
Event: 6.797 Thread 0x000002986adc9000 DEOPT PACKING pc=0x0000029875e78754 sp=0x000000cf73afcef0
Event: 6.797 Thread 0x000002986adc9000 DEOPT UNPACKING pc=0x00000298757f69a3 sp=0x000000cf73afcea8 mode 2
Event: 6.797 Thread 0x000002986adc9000 Uncommon trap: trap_request=0xffffffde fr.pc=0x0000029875e78754 relative=0x0000000000000134
Event: 6.797 Thread 0x000002986adc9000 Uncommon trap: reason=class_check action=maybe_recompile pc=0x0000029875e78754 method=java.lang.Character.codePointAt(Ljava/lang/CharSequence;I)I @ 2 c2
Event: 6.797 Thread 0x000002986adc9000 DEOPT PACKING pc=0x0000029875e78754 sp=0x000000cf73afcef0
Event: 6.797 Thread 0x000002986adc9000 DEOPT UNPACKING pc=0x00000298757f69a3 sp=0x000000cf73afcea8 mode 2

Classes unloaded (0 events):
No events

Classes redefined (0 events):
No events

Internal exceptions (20 events):
Event: 2.662 Thread 0x000002986adc9000 Exception <a 'java/lang/NoSuchMethodError'{0x00000000cb0c7b10}: 'int java.lang.invoke.DelegatingMethodHandle$Holder.reinvoke_L(java.lang.Object, java.lang.Object, java.lang.Object, long, long, long)'> (0x00000000cb0c7b10) 
thrown [s\src\hotspot\share\interpreter\linkResolver.cpp, line 771]
Event: 2.679 Thread 0x000002986adc9000 Exception <a 'java/lang/NoSuchMethodError'{0x00000000cb0d6128}: 'int java.lang.invoke.DelegatingMethodHandle$Holder.reinvoke_L(java.lang.Object, java.lang.Object, java.lang.Object, long, int)'> (0x00000000cb0d6128) 
thrown [s\src\hotspot\share\interpreter\linkResolver.cpp, line 771]
Event: 2.704 Thread 0x000002986adc9000 Exception <a 'java/lang/NoSuchMethodError'{0x00000000caf7d158}: 'int java.lang.invoke.DirectMethodHandle$Holder.invokeStaticInit(java.lang.Object, java.lang.Object, java.lang.Object)'> (0x00000000caf7d158) 
thrown [s\src\hotspot\share\interpreter\linkResolver.cpp, line 771]
Event: 2.709 Thread 0x000002986adc9000 Exception <a 'java/lang/NoSuchMethodError'{0x00000000cafa52b8}: 'int java.lang.invoke.DirectMethodHandle$Holder.invokeStaticInit(java.lang.Object, java.lang.Object)'> (0x00000000cafa52b8) 
thrown [s\src\hotspot\share\interpreter\linkResolver.cpp, line 771]
Event: 2.779 Thread 0x000002986adc9000 Exception <a 'java/lang/NoSuchMethodError'{0x00000000cae84a50}: 'void java.lang.invoke.DirectMethodHandle$Holder.invokeSpecial(java.lang.Object, java.lang.Object, java.lang.Object)'> (0x00000000cae84a50) 
thrown [s\src\hotspot\share\interpreter\linkResolver.cpp, line 771]
Event: 2.907 Thread 0x000002986adc9000 Exception <a 'java/lang/NoSuchMethodError'{0x00000000caba8a20}: 'void java.lang.invoke.DirectMethodHandle$Holder.invokeStatic(java.lang.Object, java.lang.Object, java.lang.Object, java.lang.Object)'> (0x00000000caba8a20) 
thrown [s\src\hotspot\share\interpreter\linkResolver.cpp, line 771]
Event: 3.036 Thread 0x000002986adc9000 Exception <a 'java/lang/NoSuchMethodError'{0x00000000ca466e80}: 'void java.lang.invoke.DirectMethodHandle$Holder.invokeStaticInit(java.lang.Object, java.lang.Object)'> (0x00000000ca466e80) 
thrown [s\src\hotspot\share\interpreter\linkResolver.cpp, line 771]
Event: 3.273 Thread 0x000002986adc9000 Exception <a 'java/lang/NoSuchMethodError'{0x00000000cc9f1840}: 'void java.lang.invoke.DirectMethodHandle$Holder.invokeVirtual(java.lang.Object, java.lang.Object)'> (0x00000000cc9f1840) 
thrown [s\src\hotspot\share\interpreter\linkResolver.cpp, line 771]
Event: 3.292 Thread 0x000002986adc9000 Exception <a 'java/lang/NoSuchMethodError'{0x00000000cb23d040}: 'int java.lang.invoke.DirectMethodHandle$Holder.invokeVirtual(java.lang.Object, java.lang.Object)'> (0x00000000cb23d040) 
thrown [s\src\hotspot\share\interpreter\linkResolver.cpp, line 771]
Event: 3.309 Thread 0x000002986adc9000 Exception <a 'java/lang/NoSuchMethodError'{0x00000000cb2d57f0}: 'java.lang.Object java.lang.invoke.Invokers$Holder.invokeExact_MT(java.lang.Object, java.lang.Object, java.lang.Object, java.lang.Object, java.lang.Object, java.lang.Object)'> (0x00000000cb2d57f0) 
thrown [s\src\hotspot\share\interpreter\linkResolver.cpp, line 771]
Event: 4.582 Thread 0x000002986adc9000 Implicit null exception at 0x0000029875d49ef2 to 0x0000029875d4a4bc
Event: 4.731 Thread 0x000002986adc9000 Implicit null exception at 0x0000029875d4aaf2 to 0x0000029875d4b0cc
Event: 4.827 Thread 0x000002986adc9000 Exception <a 'java/lang/NoSuchMethodError'{0x00000000caeedcd8}: 'java.lang.Object java.lang.invoke.DirectMethodHandle$Holder.invokeVirtual(java.lang.Object, java.lang.Object, java.lang.Object)'> (0x00000000caeedcd8) 
thrown [s\src\hotspot\share\interpreter\linkResolver.cpp, line 771]
Event: 5.146 Thread 0x000002986adc9000 Implicit null exception at 0x0000029875e2967d to 0x0000029875e298b0
Event: 6.518 Thread 0x000002986adc9000 Implicit null exception at 0x0000029875e2a777 to 0x0000029875e2a97c
Event: 6.588 Thread 0x000002986adc9000 Exception <a 'java/lang/NoSuchMethodError'{0x00000000cbbc0350}: 'java.lang.Object java.lang.invoke.DirectMethodHandle$Holder.newInvokeSpecial(java.lang.Object, java.lang.Object, int)'> (0x00000000cbbc0350) 
thrown [s\src\hotspot\share\interpreter\linkResolver.cpp, line 771]
Event: 6.710 Thread 0x000002986adc9000 Implicit null exception at 0x0000029875e78fcc to 0x0000029875e790a8
Event: 6.773 Thread 0x000002986adc9000 Exception <a 'java/lang/NoSuchMethodError'{0x00000000cb704190}: 'java.lang.Object java.lang.invoke.DirectMethodHandle$Holder.newInvokeSpecial(java.lang.Object, java.lang.Object, java.lang.Object, int)'> (0x00000000cb704190) 
thrown [s\src\hotspot\share\interpreter\linkResolver.cpp, line 771]
Event: 6.774 Thread 0x000002986adc9000 Exception <a 'java/lang/NoSuchMethodError'{0x00000000cb708818}: 'java.lang.Object java.lang.invoke.DirectMethodHandle$Holder.invokeSpecial(java.lang.Object, java.lang.Object, java.lang.Object, java.lang.Object, int)'> (0x00000000cb708818) 
thrown [s\src\hotspot\share\interpreter\linkResolver.cpp, line 771]
Event: 6.774 Thread 0x000002986adc9000 Exception <a 'java/lang/NoSuchMethodError'{0x00000000cb70c688}: 'java.lang.Object java.lang.invoke.Invokers$Holder.linkToTargetMethod(java.lang.Object, java.lang.Object, int, java.lang.Object)'> (0x00000000cb70c688) 
thrown [s\src\hotspot\share\interpreter\linkResolver.cpp, line 771]

VM Operations (20 events):
Event: 6.443 Executing VM operation: G1CollectForAllocation
Event: 6.447 Executing VM operation: G1CollectForAllocation done
Event: 6.473 Executing VM operation: G1Concurrent
Event: 6.476 Executing VM operation: G1Concurrent done
Event: 6.487 Executing VM operation: G1Concurrent
Event: 6.487 Executing VM operation: G1Concurrent done
Event: 6.743 Executing VM operation: HandshakeAllThreads
Event: 6.743 Executing VM operation: HandshakeAllThreads done
Event: 6.771 Executing VM operation: HandshakeAllThreads
Event: 6.771 Executing VM operation: HandshakeAllThreads done
Event: 6.798 Executing VM operation: HandshakeAllThreads
Event: 6.798 Executing VM operation: HandshakeAllThreads done
Event: 6.887 Executing VM operation: HandshakeAllThreads
Event: 6.887 Executing VM operation: HandshakeAllThreads done
Event: 6.949 Executing VM operation: G1TryInitiateConcMark
Event: 6.967 Executing VM operation: G1TryInitiateConcMark done
Event: 6.982 Executing VM operation: G1Concurrent
Event: 6.985 Executing VM operation: G1Concurrent done
Event: 6.997 Executing VM operation: G1Concurrent
Event: 6.997 Executing VM operation: G1Concurrent done

Events (20 events):
Event: 6.575 loading class java/util/AbstractMap$SimpleImmutableEntry
Event: 6.575 loading class java/util/AbstractMap$SimpleImmutableEntry done
Event: 6.587 loading class java/util/function/IntUnaryOperator
Event: 6.587 loading class java/util/function/IntUnaryOperator done
Event: 6.631 loading class java/util/regex/Pattern$StartS
Event: 6.631 loading class java/util/regex/Pattern$StartS done
Event: 6.728 loading class java/util/ConcurrentModificationException
Event: 6.728 loading class java/util/ConcurrentModificationException done
Event: 6.742 loading class java/util/ArrayList$ListItr
Event: 6.742 loading class java/util/ArrayList$ListItr done
Event: 6.873 loading class java/io/InvalidObjectException
Event: 6.873 loading class java/io/InvalidObjectException done
Event: 6.886 loading class java/util/AbstractList$SubList$1
Event: 6.886 loading class java/util/AbstractList$SubList$1 done
Event: 6.887 loading class java/util/AbstractList$ListItr
Event: 6.887 loading class java/util/AbstractList$ListItr done
Event: 7.094 loading class java/text/StringCharacterIterator
Event: 7.097 loading class java/text/CharacterIterator
Event: 7.102 loading class java/text/CharacterIterator done
Event: 7.102 loading class java/text/StringCharacterIterator done


Dynamic libraries:
0x00007ff71c0a0000 - 0x00007ff71c0aa000 	C:\Program Files\Android\Android Studio\jbr\bin\java.exe
0x00007ffeac490000 - 0x00007ffeac687000 	C:\WINDOWS\SYSTEM32\ntdll.dll
0x00007ffeaa4f0000 - 0x00007ffeaa5ad000 	C:\WINDOWS\System32\KERNEL32.DLL
0x00007ffea9fc0000 - 0x00007ffeaa2b6000 	C:\WINDOWS\System32\KERNELBASE.dll
0x00007ffea6ea0000 - 0x00007ffea6f30000 	C:\WINDOWS\SYSTEM32\apphelp.dll
0x00007ffea9da0000 - 0x00007ffea9ea0000 	C:\WINDOWS\System32\ucrtbase.dll
0x00007ffe83960000 - 0x00007ffe83977000 	C:\Program Files\Android\Android Studio\jbr\bin\jli.dll
0x00007ffeaacc0000 - 0x00007ffeaae5e000 	C:\WINDOWS\System32\USER32.dll
0x00007ffeaa4c0000 - 0x00007ffeaa4e2000 	C:\WINDOWS\System32\win32u.dll
0x00007ffeab380000 - 0x00007ffeab3ac000 	C:\WINDOWS\System32\GDI32.dll
0x00007ffea9ea0000 - 0x00007ffea9fba000 	C:\WINDOWS\System32\gdi32full.dll
0x00007ffeaa2c0000 - 0x00007ffeaa35d000 	C:\WINDOWS\System32\msvcp_win.dll
0x00007ffe9eb50000 - 0x00007ffe9eb6b000 	C:\Program Files\Android\Android Studio\jbr\bin\VCRUNTIME140.dll
0x00007ffe911d0000 - 0x00007ffe9146a000 	C:\WINDOWS\WinSxS\amd64_microsoft.windows.common-controls_6595b64144ccf1df_6.0.19041.3570_none_60bb2a3971f3e41a\COMCTL32.dll
0x00007ffeaaf40000 - 0x00007ffeaafde000 	C:\WINDOWS\System32\msvcrt.dll
0x00007ffeaa870000 - 0x00007ffeaa8a0000 	C:\WINDOWS\System32\IMM32.DLL
0x0000000073900000 - 0x000000007390c000 	C:\Program Files (x86)\360\Total Security\safemon\SafeWrapper.dll
0x00007ffeabc20000 - 0x00007ffeabcce000 	C:\WINDOWS\System32\ADVAPI32.dll
0x00007ffeac140000 - 0x00007ffeac1dc000 	C:\WINDOWS\System32\sechost.dll
0x00007ffeaafe0000 - 0x00007ffeab106000 	C:\WINDOWS\System32\RPCRT4.dll
0x00007ffe815f0000 - 0x00007ffe81682000 	C:\Program Files (x86)\360\Total Security\safemon\libzdtp64.dll
0x00007ffeab3b0000 - 0x00007ffeabaf4000 	C:\WINDOWS\System32\SHELL32.dll
0x00007ffeac1e0000 - 0x00007ffeac235000 	C:\WINDOWS\System32\SHLWAPI.dll
0x00007ffea9610000 - 0x00007ffea961a000 	C:\WINDOWS\SYSTEM32\VERSION.dll
0x00007ffea6d40000 - 0x00007ffea6d4c000 	C:\Program Files\Android\Android Studio\jbr\bin\vcruntime140_1.dll
0x00007ffe8d5b0000 - 0x00007ffe8d63d000 	C:\Program Files\Android\Android Studio\jbr\bin\msvcp140.dll
0x00007ffe5e530000 - 0x00007ffe5f19e000 	C:\Program Files\Android\Android Studio\jbr\bin\server\jvm.dll
0x00007ffe9fd90000 - 0x00007ffe9fd99000 	C:\WINDOWS\SYSTEM32\WSOCK32.dll
0x00007ffeab220000 - 0x00007ffeab28b000 	C:\WINDOWS\System32\WS2_32.dll
0x00007ffea1450000 - 0x00007ffea1477000 	C:\WINDOWS\SYSTEM32\WINMM.dll
0x00007ffea8720000 - 0x00007ffea8732000 	C:\WINDOWS\SYSTEM32\kernel.appcore.dll
0x00007ffe963b0000 - 0x00007ffe963ba000 	C:\Program Files\Android\Android Studio\jbr\bin\jimage.dll
0x00007ffea7e60000 - 0x00007ffea8044000 	C:\WINDOWS\SYSTEM32\DBGHELP.DLL
0x00007ffe93ac0000 - 0x00007ffe93af4000 	C:\WINDOWS\SYSTEM32\dbgcore.DLL
0x00007ffea9c10000 - 0x00007ffea9c92000 	C:\WINDOWS\System32\bcryptPrimitives.dll
0x00007ffe90ce0000 - 0x00007ffe90d05000 	C:\Program Files\Android\Android Studio\jbr\bin\java.dll
0x00007ffe92730000 - 0x00007ffe92748000 	C:\Program Files\Android\Android Studio\jbr\bin\zip.dll
0x00007ffea7600000 - 0x00007ffea7d9b000 	C:\WINDOWS\SYSTEM32\windows.storage.dll
0x00007ffeaa950000 - 0x00007ffeaaca4000 	C:\WINDOWS\System32\combase.dll
0x00007ffea9390000 - 0x00007ffea93bd000 	C:\WINDOWS\SYSTEM32\Wldp.dll
0x00007ffeaa8a0000 - 0x00007ffeaa94d000 	C:\WINDOWS\System32\SHCORE.dll
0x00007ffea9aa0000 - 0x00007ffea9ac5000 	C:\WINDOWS\SYSTEM32\profapi.dll
0x00007ffe8a990000 - 0x00007ffe8a9a9000 	C:\Program Files\Android\Android Studio\jbr\bin\net.dll
0x00007ffea0140000 - 0x00007ffea024a000 	C:\WINDOWS\SYSTEM32\WINHTTP.dll
0x00007ffea9170000 - 0x00007ffea91da000 	C:\WINDOWS\system32\mswsock.dll
0x00007ffe8a7a0000 - 0x00007ffe8a7b6000 	C:\Program Files\Android\Android Studio\jbr\bin\nio.dll
0x00007ffe93b00000 - 0x00007ffe93b10000 	C:\Program Files\Android\Android Studio\jbr\bin\verify.dll

dbghelp: loaded successfully - version: 4.0.5 - missing functions: none
symbol engine: initialized successfully - sym options: 0x614 - pdb path: .;C:\Program Files\Android\Android Studio\jbr\bin;C:\WINDOWS\SYSTEM32;C:\WINDOWS\WinSxS\amd64_microsoft.windows.common-controls_6595b64144ccf1df_6.0.19041.3570_none_60bb2a3971f3e41a;C:\Program Files (x86)\360\Total Security\safemon;C:\Program Files\Android\Android Studio\jbr\bin\server

VM Arguments:
java_command: org.jetbrains.kotlin.cli.jvm.K2JVMCompiler @C:\Users\JonKo\AndroidStudioProjects\booksapp\app\build\20231118_3252146214591944025.compiler.options
java_class_path (initial): C:\Users\JonKo\.gradle\caches\modules-2\files-2.1\org.jetbrains.kotlin\kotlin-compiler-embeddable\1.9.10\57ca1b0823ae3ecb451a97e1f8e6de0b19ea5294\kotlin-compiler-embeddable-1.9.10.jar;C:\Users\JonKo\.gradle\caches\modules-2\files-2.1\org.jetbrains.kotlin\kotlin-stdlib\1.9.10\72812e8a368917ab5c0a5081b56915ffdfec93b7\kotlin-stdlib-1.9.10.jar;C:\Users\JonKo\.gradle\caches\modules-2\files-2.1\org.jetbrains.kotlin\kotlin-script-runtime\1.9.10\398513a8534701579cccaf5953ea914416b4696c\kotlin-script-runtime-1.9.10.jar;C:\Users\JonKo\.gradle\caches\modules-2\files-2.1\org.jetbrains.kotlin\kotlin-reflect\1.6.10\1cbe9c92c12a94eea200d23c2bbaedaf3daf5132\kotlin-reflect-1.6.10.jar;C:\Users\JonKo\.gradle\caches\modules-2\files-2.1\org.jetbrains.kotlin\kotlin-daemon-embeddable\1.9.10\bda2f7daa6b89d2ded2d9e1e0b0cadaf9446ade1\kotlin-daemon-embeddable-1.9.10.jar;C:\Users\JonKo\.gradle\caches\modules-2\files-2.1\org.jetbrains.intellij.deps\trove4j\1.0.20200330\3afb14d5f9ceb459d724e907a21145e8ff394f02\trove4j-1.0.20200330.jar;C:\Users\JonKo\.gradle\caches\modules-2\files-2.1\org.jetbrains.kotlin\kotlin-stdlib-common\1.9.10\dafaf2c27f27c09220cee312df10917d9a5d97ce\kotlin-stdlib-common-1.9.10.jar;C:\Users\JonKo\.gradle\caches\modules-2\files-2.1\org.jetbrains\annotations\13.0\919f0dfe192fb4e063e7dacadee7f8bb9a2672a9\annotations-13.0.jar
Launcher Type: SUN_STANDARD

[Global flags]
     intx CICompilerCount                          = 2                                         {product} {ergonomic}
     uint ConcGCThreads                            = 1                                         {product} {ergonomic}
     uint G1ConcRefinementThreads                  = 2                                         {product} {ergonomic}
   size_t G1HeapRegionSize                         = 1048576                                   {product} {ergonomic}
    uintx GCDrainStackTargetSize                   = 64                                        {product} {ergonomic}
   size_t InitialHeapSize                          = 58720256                                  {product} {ergonomic}
   size_t MarkStackSize                            = 4194304                                   {product} {ergonomic}
   size_t MaxHeapSize                              = 920649728                                 {product} {ergonomic}
   size_t MaxNewSize                               = 551550976                                 {product} {ergonomic}
   size_t MinHeapDeltaBytes                        = 1048576                                   {product} {ergonomic}
   size_t MinHeapSize                              = 8388608                                   {product} {ergonomic}
    uintx NonNMethodCodeHeapSize                   = 5826188                                {pd product} {ergonomic}
    uintx NonProfiledCodeHeapSize                  = 122916026                              {pd product} {ergonomic}
    uintx ProfiledCodeHeapSize                     = 122916026                              {pd product} {ergonomic}
    uintx ReservedCodeCacheSize                    = 251658240                              {pd product} {ergonomic}
     bool SegmentedCodeCache                       = true                                      {product} {ergonomic}
   size_t SoftMaxHeapSize                          = 920649728                              {manageable} {ergonomic}
     bool UseCompressedClassPointers               = true                           {product lp64_product} {ergonomic}
     bool UseCompressedOops                        = true                           {product lp64_product} {ergonomic}
     bool UseG1GC                                  = true                                      {product} {ergonomic}
     bool UseLargePagesIndividualAllocation        = false                                  {pd product} {ergonomic}

Logging:
Log output configuration:
 #0: stdout all=warning uptime,level,tags
 #1: stderr all=off uptime,level,tags

Environment Variables:
JAVA_HOME=C:\Program Files\Java\jdk-20
PATH=C:\Program Files\Common Files\Oracle\Java\javapath;C:\Program Files (x86)\Common Files\Intel\Shared Libraries\redist\intel64\compiler;C:\WINDOWS\system32;C:\WINDOWS;C:\WINDOWS\System32\Wbem;C:\WINDOWS\System32\WindowsPowerShell\v1.0\;C:\WINDOWS\System32\OpenSSH\;C:\Users\JonKo\OneDrive\Рабочий стол\BSUIR\ТРПО\common;C:\Program Files\Azure Data Studio\bin;C:\Program Files\dotnet\;%JAVA_HOME%\bin;C:\Program Files\Maven\bin;C:\Program Files\Git\cmd;C:\Users\JonKo\OneDrive\Рабочий стол\BSUIR\5sem\CTP-web-пр\apache-maven-3.9.4\bin;C:\Users\JonKo\AppData\Local\Microsoft\WindowsApps;C:\Program Files\JetBrains\PyCharm Community Edition 2022.2.4\bin;;C:\Program Files\Azure Data Studio\bin;C:\Users\JonKo\.dotnet\tools;C:\Users\JonKo\AppData\Local\Programs\Microsoft VS Code\bin;
USERNAME=JonKo
OS=Windows_NT
PROCESSOR_IDENTIFIER=AMD64 Family 23 Model 24 Stepping 1, AuthenticAMD
TMP=C:\Users\JonKo\AppData\Local\Temp
TEMP=C:\Users\JonKo\AppData\Local\Temp


JNI global refs:
JNI global refs: 8, weak refs: 17

JNI global refs memory usage: 843, weak refs: 841


---------------  S Y S T E M  ---------------

OS:
 Windows 10 , 64 bit Build 19041 (10.0.19041.3570)
OS uptime: 9 days 5:10 hours
Hyper-V role detected

CPU: total 2 (initial active 2) (2 cores per cpu, 1 threads per core) family 23 model 24 stepping 1 microcode 0x0, cx8, cmov, fxsr, mmx, 3dnowpref, sse, sse2, sse3, ssse3, sse4a, sse4.1, sse4.2, popcnt, lzcnt, tsc, tscinvbit, avx, avx2, aes, clmul, bmi1, bmi2, adx, sha, fma, vzeroupper, clflush, clflushopt, hv

Memory: 4k page, system-wide physical 3504M (139M free)
TotalPageFile size 14256M (AvailPageFile size 7M)
current process WorkingSet (physical memory assigned to process): 166M, peak: 172M
current process commit charge ("private bytes"): 191M, peak: 196M

vm_info: OpenJDK 64-Bit Server VM (17.0.6+0-b2043.56-10027231) for windows-amd64 JRE (17.0.6+0-b2043.56-10027231), built on Apr 28 2023 00:43:19 by "androidbuild" with MS VC++ 16.10 / 16.11 (VS2019)

END.
